2024/04/23 05:42:42 [notice] 1#1: using the "epoll" event method
2024/04/23 05:42:42 [notice] 1#1: nginx/1.22.1
2024/04/23 05:42:42 [notice] 1#1: built by gcc 10.2.1 20210110 (Debian 10.2.1-6) 
2024/04/23 05:42:42 [notice] 1#1: OS: Linux 5.4.72-microsoft-standard-WSL2
2024/04/23 05:42:42 [notice] 1#1: getrlimit(RLIMIT_NOFILE): 1048576:1048576
2024/04/23 05:42:42 [notice] 1#1: start worker processes
2024/04/23 05:42:42 [notice] 1#1: start worker process 20
2024/04/23 05:42:42 [notice] 1#1: start worker process 21
2024/04/23 05:42:42 [notice] 1#1: start worker process 22
2024/04/23 05:42:42 [notice] 1#1: start worker process 23
2024/04/23 05:45:30 [notice] 1#1: signal 3 (SIGQUIT) received, shutting down
2024/04/23 05:45:30 [notice] 20#20: gracefully shutting down
2024/04/23 05:45:30 [notice] 21#21: gracefully shutting down
2024/04/23 05:45:30 [notice] 22#22: gracefully shutting down
2024/04/23 05:45:30 [notice] 23#23: gracefully shutting down
2024/04/23 05:45:30 [notice] 20#20: exiting
2024/04/23 05:45:30 [notice] 21#21: exiting
2024/04/23 05:45:30 [notice] 22#22: exiting
2024/04/23 05:45:30 [notice] 23#23: exiting
2024/04/23 05:45:30 [notice] 20#20: exit
2024/04/23 05:45:30 [notice] 21#21: exit
2024/04/23 05:45:30 [notice] 22#22: exit
2024/04/23 05:45:30 [notice] 23#23: exit
2024/04/23 05:45:30 [notice] 1#1: signal 17 (SIGCHLD) received from 21
2024/04/23 05:45:30 [notice] 1#1: worker process 20 exited with code 0
2024/04/23 05:45:30 [notice] 1#1: worker process 21 exited with code 0
2024/04/23 05:45:30 [notice] 1#1: worker process 23 exited with code 0
2024/04/23 05:45:30 [notice] 1#1: signal 29 (SIGIO) received
2024/04/23 05:45:30 [notice] 1#1: signal 17 (SIGCHLD) received from 22
2024/04/23 05:45:30 [notice] 1#1: worker process 22 exited with code 0
2024/04/23 05:45:30 [notice] 1#1: exit
2024/04/23 05:45:35 [notice] 1#1: using the "epoll" event method
2024/04/23 05:45:35 [notice] 1#1: nginx/1.22.1
2024/04/23 05:45:35 [notice] 1#1: built by gcc 10.2.1 20210110 (Debian 10.2.1-6) 
2024/04/23 05:45:35 [notice] 1#1: OS: Linux 5.4.72-microsoft-standard-WSL2
2024/04/23 05:45:35 [notice] 1#1: getrlimit(RLIMIT_NOFILE): 1048576:1048576
2024/04/23 05:45:35 [notice] 1#1: start worker processes
2024/04/23 05:45:35 [notice] 1#1: start worker process 20
2024/04/23 05:45:35 [notice] 1#1: start worker process 21
2024/04/23 05:45:35 [notice] 1#1: start worker process 22
2024/04/23 05:45:35 [notice] 1#1: start worker process 23
2024/04/23 05:45:43 [notice] 1#1: signal 3 (SIGQUIT) received, shutting down
2024/04/23 05:45:43 [notice] 20#20: gracefully shutting down
2024/04/23 05:45:43 [notice] 22#22: gracefully shutting down
2024/04/23 05:45:43 [notice] 21#21: gracefully shutting down
2024/04/23 05:45:43 [notice] 23#23: gracefully shutting down
2024/04/23 05:45:43 [notice] 20#20: exiting
2024/04/23 05:45:43 [notice] 22#22: exiting
2024/04/23 05:45:43 [notice] 21#21: exiting
2024/04/23 05:45:43 [notice] 23#23: exiting
2024/04/23 05:45:43 [notice] 23#23: exit
2024/04/23 05:45:43 [notice] 20#20: exit
2024/04/23 05:45:43 [notice] 22#22: exit
2024/04/23 05:45:43 [notice] 21#21: exit
2024/04/23 05:45:43 [notice] 1#1: signal 17 (SIGCHLD) received from 22
2024/04/23 05:45:43 [notice] 1#1: worker process 20 exited with code 0
2024/04/23 05:45:43 [notice] 1#1: worker process 21 exited with code 0
2024/04/23 05:45:43 [notice] 1#1: worker process 22 exited with code 0
2024/04/23 05:45:43 [notice] 1#1: worker process 23 exited with code 0
2024/04/23 05:45:43 [notice] 1#1: exit
2024/04/23 05:45:48 [notice] 1#1: using the "epoll" event method
2024/04/23 05:45:48 [notice] 1#1: nginx/1.22.1
2024/04/23 05:45:48 [notice] 1#1: built by gcc 10.2.1 20210110 (Debian 10.2.1-6) 
2024/04/23 05:45:48 [notice] 1#1: OS: Linux 5.4.72-microsoft-standard-WSL2
2024/04/23 05:45:48 [notice] 1#1: getrlimit(RLIMIT_NOFILE): 1048576:1048576
2024/04/23 05:45:48 [notice] 1#1: start worker processes
2024/04/23 05:45:48 [notice] 1#1: start worker process 20
2024/04/23 05:45:48 [notice] 1#1: start worker process 21
2024/04/23 05:45:48 [notice] 1#1: start worker process 22
2024/04/23 05:45:48 [notice] 1#1: start worker process 23
2024/04/23 05:46:09 [notice] 1#1: signal 3 (SIGQUIT) received, shutting down
2024/04/23 05:46:09 [notice] 21#21: gracefully shutting down
2024/04/23 05:46:09 [notice] 20#20: gracefully shutting down
2024/04/23 05:46:09 [notice] 22#22: gracefully shutting down
2024/04/23 05:46:09 [notice] 22#22: exiting
2024/04/23 05:46:09 [notice] 23#23: gracefully shutting down
2024/04/23 05:46:09 [notice] 21#21: exiting
2024/04/23 05:46:09 [notice] 20#20: exiting
2024/04/23 05:46:09 [notice] 22#22: exit
2024/04/23 05:46:09 [notice] 23#23: exiting
2024/04/23 05:46:09 [notice] 21#21: exit
2024/04/23 05:46:09 [notice] 20#20: exit
2024/04/23 05:46:09 [notice] 23#23: exit
2024/04/23 05:46:09 [notice] 1#1: signal 17 (SIGCHLD) received from 21
2024/04/23 05:46:09 [notice] 1#1: worker process 20 exited with code 0
2024/04/23 05:46:09 [notice] 1#1: worker process 21 exited with code 0
2024/04/23 05:46:09 [notice] 1#1: worker process 22 exited with code 0
2024/04/23 05:46:09 [notice] 1#1: worker process 23 exited with code 0
2024/04/23 05:46:09 [notice] 1#1: exit
2024/04/23 05:46:13 [notice] 1#1: using the "epoll" event method
2024/04/23 05:46:13 [notice] 1#1: nginx/1.22.1
2024/04/23 05:46:13 [notice] 1#1: built by gcc 10.2.1 20210110 (Debian 10.2.1-6) 
2024/04/23 05:46:13 [notice] 1#1: OS: Linux 5.4.72-microsoft-standard-WSL2
2024/04/23 05:46:13 [notice] 1#1: getrlimit(RLIMIT_NOFILE): 1048576:1048576
2024/04/23 05:46:13 [notice] 1#1: start worker processes
2024/04/23 05:46:13 [notice] 1#1: start worker process 20
2024/04/23 05:46:13 [notice] 1#1: start worker process 21
2024/04/23 05:46:13 [notice] 1#1: start worker process 22
2024/04/23 05:46:13 [notice] 1#1: start worker process 23
2024/04/23 05:47:22 [notice] 1#1: signal 3 (SIGQUIT) received, shutting down
2024/04/23 05:47:22 [notice] 20#20: gracefully shutting down
2024/04/23 05:47:22 [notice] 21#21: gracefully shutting down
2024/04/23 05:47:22 [notice] 21#21: exiting
2024/04/23 05:47:22 [notice] 22#22: gracefully shutting down
2024/04/23 05:47:22 [notice] 22#22: exiting
2024/04/23 05:47:22 [notice] 23#23: gracefully shutting down
2024/04/23 05:47:22 [notice] 20#20: exiting
2024/04/23 05:47:22 [notice] 20#20: exit
2024/04/23 05:47:22 [notice] 21#21: exit
2024/04/23 05:47:22 [notice] 22#22: exit
2024/04/23 05:47:22 [notice] 23#23: exiting
2024/04/23 05:47:22 [notice] 23#23: exit
2024/04/23 05:47:22 [notice] 1#1: signal 17 (SIGCHLD) received from 21
2024/04/23 05:47:22 [notice] 1#1: worker process 20 exited with code 0
2024/04/23 05:47:22 [notice] 1#1: worker process 21 exited with code 0
2024/04/23 05:47:22 [notice] 1#1: worker process 23 exited with code 0
2024/04/23 05:47:22 [notice] 1#1: signal 29 (SIGIO) received
2024/04/23 05:47:22 [notice] 1#1: signal 17 (SIGCHLD) received from 22
2024/04/23 05:47:22 [notice] 1#1: worker process 22 exited with code 0
2024/04/23 05:47:22 [notice] 1#1: exit
2024/04/23 05:47:23 [notice] 1#1: using the "epoll" event method
2024/04/23 05:47:23 [notice] 1#1: nginx/1.22.1
2024/04/23 05:47:23 [notice] 1#1: built by gcc 10.2.1 20210110 (Debian 10.2.1-6) 
2024/04/23 05:47:23 [notice] 1#1: OS: Linux 5.4.72-microsoft-standard-WSL2
2024/04/23 05:47:23 [notice] 1#1: getrlimit(RLIMIT_NOFILE): 1048576:1048576
2024/04/23 05:47:23 [notice] 1#1: start worker processes
2024/04/23 05:47:23 [notice] 1#1: start worker process 20
2024/04/23 05:47:23 [notice] 1#1: start worker process 21
2024/04/23 05:47:23 [notice] 1#1: start worker process 22
2024/04/23 05:47:23 [notice] 1#1: start worker process 23
2024/04/23 05:47:34 [notice] 1#1: signal 3 (SIGQUIT) received, shutting down
2024/04/23 05:47:34 [notice] 20#20: gracefully shutting down
2024/04/23 05:47:34 [notice] 21#21: gracefully shutting down
2024/04/23 05:47:34 [notice] 23#23: gracefully shutting down
2024/04/23 05:47:34 [notice] 23#23: exiting
2024/04/23 05:47:34 [notice] 22#22: gracefully shutting down
2024/04/23 05:47:34 [notice] 20#20: exiting
2024/04/23 05:47:34 [notice] 21#21: exiting
2024/04/23 05:47:34 [notice] 23#23: exit
2024/04/23 05:47:34 [notice] 22#22: exiting
2024/04/23 05:47:34 [notice] 20#20: exit
2024/04/23 05:47:34 [notice] 21#21: exit
2024/04/23 05:47:34 [notice] 22#22: exit
2024/04/23 05:47:34 [notice] 1#1: signal 17 (SIGCHLD) received from 22
2024/04/23 05:47:34 [notice] 1#1: worker process 20 exited with code 0
2024/04/23 05:47:34 [notice] 1#1: worker process 21 exited with code 0
2024/04/23 05:47:34 [notice] 1#1: worker process 22 exited with code 0
2024/04/23 05:47:34 [notice] 1#1: worker process 23 exited with code 0
2024/04/23 05:47:34 [notice] 1#1: exit
2024/04/23 05:48:05 [notice] 1#1: using the "epoll" event method
2024/04/23 05:48:05 [notice] 1#1: nginx/1.22.1
2024/04/23 05:48:05 [notice] 1#1: built by gcc 10.2.1 20210110 (Debian 10.2.1-6) 
2024/04/23 05:48:05 [notice] 1#1: OS: Linux 5.4.72-microsoft-standard-WSL2
2024/04/23 05:48:05 [notice] 1#1: getrlimit(RLIMIT_NOFILE): 1048576:1048576
2024/04/23 05:48:05 [notice] 1#1: start worker processes
2024/04/23 05:48:05 [notice] 1#1: start worker process 20
2024/04/23 05:48:05 [notice] 1#1: start worker process 21
2024/04/23 05:48:05 [notice] 1#1: start worker process 22
2024/04/23 05:48:05 [notice] 1#1: start worker process 23
2024/04/23 05:48:21 [notice] 1#1: signal 3 (SIGQUIT) received, shutting down
2024/04/23 05:48:21 [notice] 20#20: gracefully shutting down
2024/04/23 05:48:21 [notice] 21#21: gracefully shutting down
2024/04/23 05:48:21 [notice] 22#22: gracefully shutting down
2024/04/23 05:48:21 [notice] 23#23: gracefully shutting down
2024/04/23 05:48:21 [notice] 23#23: exiting
2024/04/23 05:48:21 [notice] 20#20: exiting
2024/04/23 05:48:21 [notice] 21#21: exiting
2024/04/23 05:48:21 [notice] 21#21: exit
2024/04/23 05:48:21 [notice] 22#22: exiting
2024/04/23 05:48:21 [notice] 23#23: exit
2024/04/23 05:48:21 [notice] 20#20: exit
2024/04/23 05:48:21 [notice] 22#22: exit
2024/04/23 05:48:21 [notice] 1#1: signal 17 (SIGCHLD) received from 20
2024/04/23 05:48:21 [notice] 1#1: worker process 20 exited with code 0
2024/04/23 05:48:21 [notice] 1#1: worker process 22 exited with code 0
2024/04/23 05:48:21 [notice] 1#1: signal 29 (SIGIO) received
2024/04/23 05:48:21 [notice] 1#1: signal 17 (SIGCHLD) received from 21
2024/04/23 05:48:21 [notice] 1#1: worker process 21 exited with code 0
2024/04/23 05:48:21 [notice] 1#1: worker process 23 exited with code 0
2024/04/23 05:48:21 [notice] 1#1: exit
2024/04/23 05:48:31 [notice] 1#1: using the "epoll" event method
2024/04/23 05:48:31 [notice] 1#1: nginx/1.22.1
2024/04/23 05:48:31 [notice] 1#1: built by gcc 10.2.1 20210110 (Debian 10.2.1-6) 
2024/04/23 05:48:31 [notice] 1#1: OS: Linux 5.4.72-microsoft-standard-WSL2
2024/04/23 05:48:31 [notice] 1#1: getrlimit(RLIMIT_NOFILE): 1048576:1048576
2024/04/23 05:48:31 [notice] 1#1: start worker processes
2024/04/23 05:48:31 [notice] 1#1: start worker process 29
2024/04/23 05:48:31 [notice] 1#1: start worker process 30
2024/04/23 05:48:31 [notice] 1#1: start worker process 31
2024/04/23 05:48:31 [notice] 1#1: start worker process 32
2024/04/23 05:52:25 [notice] 1#1: signal 3 (SIGQUIT) received, shutting down
2024/04/23 05:52:25 [notice] 30#30: gracefully shutting down
2024/04/23 05:52:25 [notice] 31#31: gracefully shutting down
2024/04/23 05:52:25 [notice] 31#31: exiting
2024/04/23 05:52:25 [notice] 32#32: gracefully shutting down
2024/04/23 05:52:25 [notice] 29#29: gracefully shutting down
2024/04/23 05:52:25 [notice] 30#30: exiting
2024/04/23 05:52:25 [notice] 31#31: exit
2024/04/23 05:52:25 [notice] 32#32: exiting
2024/04/23 05:52:25 [notice] 29#29: exiting
2024/04/23 05:52:25 [notice] 30#30: exit
2024/04/23 05:52:25 [notice] 32#32: exit
2024/04/23 05:52:25 [notice] 29#29: exit
2024/04/23 05:52:25 [notice] 1#1: signal 17 (SIGCHLD) received from 30
2024/04/23 05:52:25 [notice] 1#1: worker process 30 exited with code 0
2024/04/23 05:52:25 [notice] 1#1: worker process 32 exited with code 0
2024/04/23 05:52:25 [notice] 1#1: signal 29 (SIGIO) received
2024/04/23 05:52:25 [notice] 1#1: signal 17 (SIGCHLD) received from 31
2024/04/23 05:52:25 [notice] 1#1: worker process 29 exited with code 0
2024/04/23 05:52:25 [notice] 1#1: worker process 31 exited with code 0
2024/04/23 05:52:25 [notice] 1#1: exit
2024/04/23 05:52:25 [notice] 1#1: using the "epoll" event method
2024/04/23 05:52:25 [notice] 1#1: nginx/1.22.1
2024/04/23 05:52:25 [notice] 1#1: built by gcc 10.2.1 20210110 (Debian 10.2.1-6) 
2024/04/23 05:52:25 [notice] 1#1: OS: Linux 5.4.72-microsoft-standard-WSL2
2024/04/23 05:52:25 [notice] 1#1: getrlimit(RLIMIT_NOFILE): 1048576:1048576
2024/04/23 05:52:25 [notice] 1#1: start worker processes
2024/04/23 05:52:25 [notice] 1#1: start worker process 22
2024/04/23 05:52:25 [notice] 1#1: start worker process 23
2024/04/23 05:52:25 [notice] 1#1: start worker process 24
2024/04/23 05:52:25 [notice] 1#1: start worker process 25
2024/04/23 05:52:40 [notice] 1#1: signal 3 (SIGQUIT) received, shutting down
2024/04/23 05:52:40 [notice] 22#22: gracefully shutting down
2024/04/23 05:52:40 [notice] 24#24: gracefully shutting down
2024/04/23 05:52:40 [notice] 24#24: exiting
2024/04/23 05:52:40 [notice] 25#25: gracefully shutting down
2024/04/23 05:52:40 [notice] 23#23: gracefully shutting down
2024/04/23 05:52:40 [notice] 23#23: exiting
2024/04/23 05:52:40 [notice] 22#22: exiting
2024/04/23 05:52:40 [notice] 24#24: exit
2024/04/23 05:52:40 [notice] 25#25: exiting
2024/04/23 05:52:40 [notice] 23#23: exit
2024/04/23 05:52:40 [notice] 22#22: exit
2024/04/23 05:52:40 [notice] 25#25: exit
2024/04/23 05:52:40 [notice] 1#1: signal 17 (SIGCHLD) received from 22
2024/04/23 05:52:40 [notice] 1#1: worker process 22 exited with code 0
2024/04/23 05:52:40 [notice] 1#1: worker process 24 exited with code 0
2024/04/23 05:52:40 [notice] 1#1: signal 29 (SIGIO) received
2024/04/23 05:52:40 [notice] 1#1: signal 17 (SIGCHLD) received from 23
2024/04/23 05:52:40 [notice] 1#1: worker process 23 exited with code 0
2024/04/23 05:52:40 [notice] 1#1: worker process 25 exited with code 0
2024/04/23 05:52:40 [notice] 1#1: exit
2024/04/23 05:52:46 [notice] 1#1: using the "epoll" event method
2024/04/23 05:52:46 [notice] 1#1: nginx/1.22.1
2024/04/23 05:52:46 [notice] 1#1: built by gcc 10.2.1 20210110 (Debian 10.2.1-6) 
2024/04/23 05:52:46 [notice] 1#1: OS: Linux 5.4.72-microsoft-standard-WSL2
2024/04/23 05:52:46 [notice] 1#1: getrlimit(RLIMIT_NOFILE): 1048576:1048576
2024/04/23 05:52:46 [notice] 1#1: start worker processes
2024/04/23 05:52:46 [notice] 1#1: start worker process 22
2024/04/23 05:52:46 [notice] 1#1: start worker process 23
2024/04/23 05:52:46 [notice] 1#1: start worker process 24
2024/04/23 05:52:46 [notice] 1#1: start worker process 25
2024/04/23 05:52:49 [notice] 1#1: signal 3 (SIGQUIT) received, shutting down
2024/04/23 05:52:49 [notice] 22#22: gracefully shutting down
2024/04/23 05:52:49 [notice] 22#22: exiting
2024/04/23 05:52:49 [notice] 23#23: gracefully shutting down
2024/04/23 05:52:49 [notice] 23#23: exiting
2024/04/23 05:52:49 [notice] 24#24: gracefully shutting down
2024/04/23 05:52:49 [notice] 25#25: gracefully shutting down
2024/04/23 05:52:49 [notice] 25#25: exiting
2024/04/23 05:52:49 [notice] 22#22: exit
2024/04/23 05:52:49 [notice] 23#23: exit
2024/04/23 05:52:49 [notice] 24#24: exiting
2024/04/23 05:52:49 [notice] 25#25: exit
2024/04/23 05:52:49 [notice] 24#24: exit
2024/04/23 05:52:49 [notice] 1#1: signal 17 (SIGCHLD) received from 23
2024/04/23 05:52:49 [notice] 1#1: worker process 22 exited with code 0
2024/04/23 05:52:49 [notice] 1#1: worker process 23 exited with code 0
2024/04/23 05:52:49 [notice] 1#1: worker process 24 exited with code 0
2024/04/23 05:52:49 [notice] 1#1: worker process 25 exited with code 0
2024/04/23 05:52:49 [notice] 1#1: exit
2024/04/23 05:52:57 [notice] 1#1: using the "epoll" event method
2024/04/23 05:52:57 [notice] 1#1: nginx/1.22.1
2024/04/23 05:52:57 [notice] 1#1: built by gcc 10.2.1 20210110 (Debian 10.2.1-6) 
2024/04/23 05:52:57 [notice] 1#1: OS: Linux 5.4.72-microsoft-standard-WSL2
2024/04/23 05:52:57 [notice] 1#1: getrlimit(RLIMIT_NOFILE): 1048576:1048576
2024/04/23 05:52:57 [notice] 1#1: start worker processes
2024/04/23 05:52:57 [notice] 1#1: start worker process 22
2024/04/23 05:52:57 [notice] 1#1: start worker process 23
2024/04/23 05:52:57 [notice] 1#1: start worker process 24
2024/04/23 05:52:57 [notice] 1#1: start worker process 25
2024/04/23 06:10:34 [notice] 1#1: signal 3 (SIGQUIT) received, shutting down
2024/04/23 06:10:34 [notice] 23#23: gracefully shutting down
2024/04/23 06:10:34 [notice] 24#24: gracefully shutting down
2024/04/23 06:10:34 [notice] 25#25: gracefully shutting down
2024/04/23 06:10:34 [notice] 25#25: exiting
2024/04/23 06:10:34 [notice] 22#22: gracefully shutting down
2024/04/23 06:10:34 [notice] 23#23: exiting
2024/04/23 06:10:34 [notice] 24#24: exiting
2024/04/23 06:10:34 [notice] 25#25: exit
2024/04/23 06:10:34 [notice] 22#22: exiting
2024/04/23 06:10:34 [notice] 23#23: exit
2024/04/23 06:10:34 [notice] 24#24: exit
2024/04/23 06:10:34 [notice] 22#22: exit
2024/04/23 06:10:34 [notice] 1#1: signal 17 (SIGCHLD) received from 25
2024/04/23 06:10:34 [notice] 1#1: worker process 22 exited with code 0
2024/04/23 06:10:34 [notice] 1#1: worker process 23 exited with code 0
2024/04/23 06:10:34 [notice] 1#1: worker process 24 exited with code 0
2024/04/23 06:10:34 [notice] 1#1: worker process 25 exited with code 0
2024/04/23 06:10:34 [notice] 1#1: exit
